<?xml version="1.0" encoding="UTF-8"?>
<testsuite xmlns:xsi="http://www.w3.org/2001/XMLSchema-instance" xsi:schemaLocation="https://maven.apache.org/surefire/maven-surefire-plugin/xsd/surefire-test-report.xsd" name="TestSuite" time="4,271.969" tests="236" errors="0" skipped="0" failures="0">
  <properties>
    <property name="java.runtime.name" value="Java(TM) SE Runtime Environment"/>
    <property name="sun.boot.library.path" value="C:\Program Files\Java\jdk1.8.0_311\jre\bin"/>
    <property name="java.vm.version" value="25.311-b11"/>
    <property name="java.vm.vendor" value="Oracle Corporation"/>
    <property name="maven.multiModuleProjectDirectory" value="C:\Eclipse_WorkSpace\NHSEligibilityCheckerTests"/>
    <property name="java.vendor.url" value="http://java.oracle.com/"/>
    <property name="path.separator" value=";"/>
    <property name="guice.disable.misplaced.annotation.check" value="true"/>
    <property name="java.vm.name" value="Java HotSpot(TM) 64-Bit Server VM"/>
    <property name="file.encoding.pkg" value="sun.io"/>
    <property name="user.script" value=""/>
    <property name="user.country" value="MY"/>
    <property name="sun.java.launcher" value="SUN_STANDARD"/>
    <property name="sun.os.patch.level" value=""/>
    <property name="java.vm.specification.name" value="Java Virtual Machine Specification"/>
    <property name="user.dir" value="C:\Eclipse_WorkSpace\NHSEligibilityCheckerTests"/>
    <property name="java.runtime.version" value="1.8.0_311-b11"/>
    <property name="java.awt.graphicsenv" value="sun.awt.Win32GraphicsEnvironment"/>
    <property name="java.endorsed.dirs" value="C:\Program Files\Java\jdk1.8.0_311\jre\lib\endorsed"/>
    <property name="os.arch" value="amd64"/>
    <property name="java.io.tmpdir" value="C:\Users\JASEEN~1\AppData\Local\Temp\"/>
    <property name="line.separator" value="&#10;"/>
    <property name="java.vm.specification.vendor" value="Oracle Corporation"/>
    <property name="user.variant" value=""/>
    <property name="os.name" value="Windows 10"/>
    <property name="classworlds.conf" value="C:\apache-maven-3.8.3-bin\apache-maven-3.8.3\bin\m2.conf"/>
    <property name="sun.jnu.encoding" value="Cp1252"/>
    <property name="java.library.path" value="C:\Program Files\Java\jdk1.8.0_311\bin;C:\Windows\Sun\Java\bin;C:\Windows\system32;C:\Windows;C:\Program Files (x86)\Common Files\Oracle\Java\javapath;C:\Windows\system32;C:\Windows;C:\Windows\System32\Wbem;C:\Windows\System32\WindowsPowerShell\v1.0\;C:\Windows\System32\OpenSSH\;C:\Program Files\dotnet\;C:\Program Files\Microsoft SQL Server\130\Tools\Binn\;C:\Program Files\Microsoft SQL Server\Client SDK\ODBC\170\Tools\Binn\;C:\Program Files\Git\cmd;C:\Program Files\Git\mingw64\bin;C:\Program Files\Git\usr\bin;C:\Program Files (x86)\Microsoft SQL Server\150\DTS\Binn\;C:\Program Files\Azure Data Studio\bin;C:\Program Files\Java\jdk1.8.0_311\bin;C:\apache-maven-3.8.3-bin\apache-maven-3.8.3\bin;C:\Users\Jaseena Sajeer\AppData\Local\Microsoft\WindowsApps;C:\Users\Jaseena Sajeer\.dotnet\tools;."/>
    <property name="maven.conf" value="C:\apache-maven-3.8.3-bin\apache-maven-3.8.3/conf"/>
    <property name="java.specification.name" value="Java Platform API Specification"/>
    <property name="java.class.version" value="52.0"/>
    <property name="sun.management.compiler" value="HotSpot 64-Bit Tiered Compilers"/>
    <property name="os.version" value="10.0"/>
    <property name="library.jansi.path" value="C:\apache-maven-3.8.3-bin\apache-maven-3.8.3\lib\jansi-native"/>
    <property name="user.home" value="C:\Users\Jaseena Sajeer"/>
    <property name="user.timezone" value="Asia/Singapore"/>
    <property name="java.awt.printerjob" value="sun.awt.windows.WPrinterJob"/>
    <property name="java.specification.version" value="1.8"/>
    <property name="file.encoding" value="Cp1252"/>
    <property name="user.name" value="Jaseena Sajeer"/>
    <property name="java.class.path" value="C:\apache-maven-3.8.3-bin\apache-maven-3.8.3\boot\plexus-classworlds-2.6.0.jar"/>
    <property name="java.vm.specification.version" value="1.8"/>
    <property name="sun.arch.data.model" value="64"/>
    <property name="java.home" value="C:\Program Files\Java\jdk1.8.0_311\jre"/>
    <property name="sun.java.command" value="org.codehaus.plexus.classworlds.launcher.Launcher test"/>
    <property name="java.specification.vendor" value="Oracle Corporation"/>
    <property name="user.language" value="en"/>
    <property name="awt.toolkit" value="sun.awt.windows.WToolkit"/>
    <property name="java.vm.info" value="mixed mode"/>
    <property name="java.version" value="1.8.0_311"/>
    <property name="java.ext.dirs" value="C:\Program Files\Java\jdk1.8.0_311\jre\lib\ext;C:\Windows\Sun\Java\lib\ext"/>
    <property name="sun.boot.class.path" value="C:\Program Files\Java\jdk1.8.0_311\jre\lib\resources.jar;C:\Program Files\Java\jdk1.8.0_311\jre\lib\rt.jar;C:\Program Files\Java\jdk1.8.0_311\jre\lib\sunrsasign.jar;C:\Program Files\Java\jdk1.8.0_311\jre\lib\jsse.jar;C:\Program Files\Java\jdk1.8.0_311\jre\lib\jce.jar;C:\Program Files\Java\jdk1.8.0_311\jre\lib\charsets.jar;C:\Program Files\Java\jdk1.8.0_311\jre\lib\jfr.jar;C:\Program Files\Java\jdk1.8.0_311\jre\classes"/>
    <property name="sun.stderr.encoding" value="cp437"/>
    <property name="java.vendor" value="Oracle Corporation"/>
    <property name="maven.home" value="C:\apache-maven-3.8.3-bin\apache-maven-3.8.3"/>
    <property name="file.separator" value="\"/>
    <property name="java.vendor.url.bug" value="http://bugreport.sun.com/bugreport/"/>
    <property name="sun.cpu.endian" value="little"/>
    <property name="sun.io.unicode.encoding" value="UnicodeLittle"/>
    <property name="sun.stdout.encoding" value="cp437"/>
    <property name="sun.desktop" value="windows"/>
    <property name="sun.cpu.isalist" value="amd64"/>
  </properties>
  <testcase name="scenario" classname="runner.TestRunner" time="6.349"/>
  <testcase name="scenario" classname="runner.TestRunner" time="6.186"/>
  <testcase name="scenario" classname="runner.TestRunner" time="7.733"/>
  <testcase name="scenario" classname="runner.TestRunner" time="7.931"/>
  <testcase name="scenario" classname="runner.TestRunner" time="6.213"/>
  <testcase name="scenario" classname="runner.TestRunner" time="6.485"/>
  <testcase name="scenario" classname="runner.TestRunner" time="10.043"/>
  <testcase name="scenario" classname="runner.TestRunner" time="10.069"/>
  <testcase name="scenario" classname="runner.TestRunner" time="10.915"/>
  <testcase name="scenario" classname="runner.TestRunner" time="11.015"/>
  <testcase name="scenario" classname="runner.TestRunner" time="10.003"/>
  <testcase name="scenario" classname="runner.TestRunner" time="10.113"/>
  <testcase name="scenario" classname="runner.TestRunner" time="10.947"/>
  <testcase name="scenario" classname="runner.TestRunner" time="11.199"/>
  <testcase name="scenario" classname="runner.TestRunner" time="7.287"/>
  <testcase name="scenario" classname="runner.TestRunner" time="7.191"/>
  <testcase name="scenario" classname="runner.TestRunner" time="6.925"/>
  <testcase name="scenario" classname="runner.TestRunner" time="7.251"/>
  <testcase name="scenario" classname="runner.TestRunner" time="11.556"/>
  <testcase name="scenario" classname="runner.TestRunner" time="10.615"/>
  <testcase name="scenario" classname="runner.TestRunner" time="10.777"/>
  <testcase name="scenario" classname="runner.TestRunner" time="11.025"/>
  <testcase name="scenario" classname="runner.TestRunner" time="12.021"/>
  <testcase name="scenario" classname="runner.TestRunner" time="11.366"/>
  <testcase name="scenario" classname="runner.TestRunner" time="11.596"/>
  <testcase name="scenario" classname="runner.TestRunner" time="12.09"/>
  <testcase name="scenario" classname="runner.TestRunner" time="10.723"/>
  <testcase name="scenario" classname="runner.TestRunner" time="10.148"/>
  <testcase name="scenario" classname="runner.TestRunner" time="10.842"/>
  <testcase name="scenario" classname="runner.TestRunner" time="11.326"/>
  <testcase name="scenario" classname="runner.TestRunner" time="5.882"/>
  <testcase name="scenario" classname="runner.TestRunner" time="5.924"/>
  <testcase name="scenario" classname="runner.TestRunner" time="6.596"/>
  <testcase name="scenario" classname="runner.TestRunner" time="6.267"/>
  <testcase name="scenario" classname="runner.TestRunner" time="11.377"/>
  <testcase name="scenario" classname="runner.TestRunner" time="10.303"/>
  <testcase name="scenario" classname="runner.TestRunner" time="11.556"/>
  <testcase name="scenario" classname="runner.TestRunner" time="11.146"/>
  <testcase name="scenario" classname="runner.TestRunner" time="10.563"/>
  <testcase name="scenario" classname="runner.TestRunner" time="10.757"/>
  <testcase name="scenario" classname="runner.TestRunner" time="6.51"/>
  <testcase name="scenario" classname="runner.TestRunner" time="6.583"/>
  <testcase name="scenario" classname="runner.TestRunner" time="10.167"/>
  <testcase name="scenario" classname="runner.TestRunner" time="10.727"/>
  <testcase name="scenario" classname="runner.TestRunner" time="11.385"/>
  <testcase name="scenario" classname="runner.TestRunner" time="11.445"/>
  <testcase name="scenario" classname="runner.TestRunner" time="10.834"/>
  <testcase name="scenario" classname="runner.TestRunner" time="10.557"/>
  <testcase name="scenario" classname="runner.TestRunner" time="6.922"/>
  <testcase name="scenario" classname="runner.TestRunner" time="6.403"/>
  <testcase name="scenario" classname="runner.TestRunner" time="6.383"/>
  <testcase name="scenario" classname="runner.TestRunner" time="6.176"/>
  <testcase name="scenario" classname="runner.TestRunner" time="10.372"/>
  <testcase name="scenario" classname="runner.TestRunner" time="10.258"/>
  <testcase name="scenario" classname="runner.TestRunner" time="10.395"/>
  <testcase name="scenario" classname="runner.TestRunner" time="10.018"/>
  <testcase name="scenario" classname="runner.TestRunner" time="11.256"/>
  <testcase name="scenario" classname="runner.TestRunner" time="10.715"/>
  <testcase name="scenario" classname="runner.TestRunner" time="10.121"/>
  <testcase name="scenario" classname="runner.TestRunner" time="10.17"/>
  <testcase name="scenario" classname="runner.TestRunner" time="9.58"/>
  <testcase name="scenario" classname="runner.TestRunner" time="9.846"/>
  <testcase name="scenario" classname="runner.TestRunner" time="10.373"/>
  <testcase name="scenario" classname="runner.TestRunner" time="10.44"/>
  <testcase name="scenario" classname="runner.TestRunner" time="9.804"/>
  <testcase name="scenario" classname="runner.TestRunner" time="9.645"/>
  <testcase name="scenario" classname="runner.TestRunner" time="6.334"/>
  <testcase name="scenario" classname="runner.TestRunner" time="6.577"/>
  <testcase name="scenario" classname="runner.TestRunner" time="6.223"/>
  <testcase name="scenario" classname="runner.TestRunner" time="6.354"/>
  <testcase name="scenario" classname="runner.TestRunner" time="10.436"/>
  <testcase name="scenario" classname="runner.TestRunner" time="10.552"/>
  <testcase name="scenario" classname="runner.TestRunner" time="10.462"/>
  <testcase name="scenario" classname="runner.TestRunner" time="10.874"/>
  <testcase name="scenario" classname="runner.TestRunner" time="11.291"/>
  <testcase name="scenario" classname="runner.TestRunner" time="11.222"/>
  <testcase name="scenario" classname="runner.TestRunner" time="11.481"/>
  <testcase name="scenario" classname="runner.TestRunner" time="11.299"/>
  <testcase name="scenario" classname="runner.TestRunner" time="9.722"/>
  <testcase name="scenario" classname="runner.TestRunner" time="9.544"/>
  <testcase name="scenario" classname="runner.TestRunner" time="10.036"/>
  <testcase name="scenario" classname="runner.TestRunner" time="10.371"/>
  <testcase name="scenario" classname="runner.TestRunner" time="5.321"/>
  <testcase name="scenario" classname="runner.TestRunner" time="5.193"/>
  <testcase name="scenario" classname="runner.TestRunner" time="5.698"/>
  <testcase name="scenario" classname="runner.TestRunner" time="5.575"/>
  <testcase name="scenario" classname="runner.TestRunner" time="9.757"/>
  <testcase name="scenario" classname="runner.TestRunner" time="9.835"/>
  <testcase name="scenario" classname="runner.TestRunner" time="10.342"/>
  <testcase name="scenario" classname="runner.TestRunner" time="10.458"/>
  <testcase name="scenario" classname="runner.TestRunner" time="9.513"/>
  <testcase name="scenario" classname="runner.TestRunner" time="10.011"/>
  <testcase name="scenario" classname="runner.TestRunner" time="5.916"/>
  <testcase name="scenario" classname="runner.TestRunner" time="6.093"/>
  <testcase name="scenario" classname="runner.TestRunner" time="10.137"/>
  <testcase name="scenario" classname="runner.TestRunner" time="9.961"/>
  <testcase name="scenario" classname="runner.TestRunner" time="10.007"/>
  <testcase name="scenario" classname="runner.TestRunner" time="10.243"/>
  <testcase name="scenario" classname="runner.TestRunner" time="9.321"/>
  <testcase name="scenario" classname="runner.TestRunner" time="9.614"/>
  <testcase name="scenario" classname="runner.TestRunner" time="5.829"/>
  <testcase name="scenario" classname="runner.TestRunner" time="5.551"/>
  <testcase name="scenario" classname="runner.TestRunner" time="5.562"/>
  <testcase name="scenario" classname="runner.TestRunner" time="5.594"/>
  <testcase name="scenario" classname="runner.TestRunner" time="9.816"/>
  <testcase name="scenario" classname="runner.TestRunner" time="10.331"/>
  <testcase name="scenario" classname="runner.TestRunner" time="9.829"/>
  <testcase name="scenario" classname="runner.TestRunner" time="9.493"/>
  <testcase name="scenario" classname="runner.TestRunner" time="10.034"/>
  <testcase name="scenario" classname="runner.TestRunner" time="10.191"/>
  <testcase name="scenario" classname="runner.TestRunner" time="10.138"/>
  <testcase name="scenario" classname="runner.TestRunner" time="9.65"/>
  <testcase name="scenario" classname="runner.TestRunner" time="9.194"/>
  <testcase name="scenario" classname="runner.TestRunner" time="9.358"/>
  <testcase name="scenario" classname="runner.TestRunner" time="9.45"/>
  <testcase name="scenario" classname="runner.TestRunner" time="9.799"/>
  <testcase name="scenario" classname="runner.TestRunner" time="9.087"/>
  <testcase name="scenario" classname="runner.TestRunner" time="9.073"/>
  <testcase name="scenario" classname="runner.TestRunner" time="7.611"/>
  <testcase name="scenario" classname="runner.TestRunner" time="7.229"/>
  <testcase name="scenario" classname="runner.TestRunner" time="9.401"/>
  <testcase name="scenario" classname="runner.TestRunner" time="9.815"/>
  <testcase name="scenario" classname="runner.TestRunner" time="7.031"/>
  <testcase name="scenario" classname="runner.TestRunner" time="7.469"/>
  <testcase name="scenario" classname="runner.TestRunner" time="12.268"/>
  <testcase name="scenario" classname="runner.TestRunner" time="13"/>
  <testcase name="scenario" classname="runner.TestRunner" time="13.293"/>
  <testcase name="scenario" classname="runner.TestRunner" time="14.893"/>
  <testcase name="scenario" classname="runner.TestRunner" time="12.489"/>
  <testcase name="scenario" classname="runner.TestRunner" time="13.074"/>
  <testcase name="scenario" classname="runner.TestRunner" time="13.042"/>
  <testcase name="scenario" classname="runner.TestRunner" time="13.117"/>
  <testcase name="scenario" classname="runner.TestRunner" time="8.37"/>
  <testcase name="scenario" classname="runner.TestRunner" time="8.548"/>
  <testcase name="scenario" classname="runner.TestRunner" time="8.431"/>
  <testcase name="scenario" classname="runner.TestRunner" time="8.315"/>
  <testcase name="scenario" classname="runner.TestRunner" time="13.468"/>
  <testcase name="scenario" classname="runner.TestRunner" time="13.795"/>
  <testcase name="scenario" classname="runner.TestRunner" time="13.987"/>
  <testcase name="scenario" classname="runner.TestRunner" time="14.126"/>
  <testcase name="scenario" classname="runner.TestRunner" time="14.913"/>
  <testcase name="scenario" classname="runner.TestRunner" time="15.606"/>
  <testcase name="scenario" classname="runner.TestRunner" time="15.536"/>
  <testcase name="scenario" classname="runner.TestRunner" time="14.959"/>
  <testcase name="scenario" classname="runner.TestRunner" time="13.256"/>
  <testcase name="scenario" classname="runner.TestRunner" time="13.164"/>
  <testcase name="scenario" classname="runner.TestRunner" time="13.847"/>
  <testcase name="scenario" classname="runner.TestRunner" time="14.071"/>
  <testcase name="scenario" classname="runner.TestRunner" time="6.676"/>
  <testcase name="scenario" classname="runner.TestRunner" time="6.711"/>
  <testcase name="scenario" classname="runner.TestRunner" time="11.368"/>
  <testcase name="scenario" classname="runner.TestRunner" time="7.558"/>
  <testcase name="scenario" classname="runner.TestRunner" time="12.706"/>
  <testcase name="scenario" classname="runner.TestRunner" time="12.657"/>
  <testcase name="scenario" classname="runner.TestRunner" time="13.457"/>
  <testcase name="scenario" classname="runner.TestRunner" time="16.273"/>
  <testcase name="scenario" classname="runner.TestRunner" time="12.702"/>
  <testcase name="scenario" classname="runner.TestRunner" time="13.897"/>
  <testcase name="scenario" classname="runner.TestRunner" time="7.383"/>
  <testcase name="scenario" classname="runner.TestRunner" time="7.59"/>
  <testcase name="scenario" classname="runner.TestRunner" time="12.919"/>
  <testcase name="scenario" classname="runner.TestRunner" time="12.828"/>
  <testcase name="scenario" classname="runner.TestRunner" time="13.943"/>
  <testcase name="scenario" classname="runner.TestRunner" time="13.895"/>
  <testcase name="scenario" classname="runner.TestRunner" time="12.901"/>
  <testcase name="scenario" classname="runner.TestRunner" time="12.886"/>
  <testcase name="scenario" classname="runner.TestRunner" time="9.639"/>
  <testcase name="scenario" classname="runner.TestRunner" time="7.471"/>
  <testcase name="scenario" classname="runner.TestRunner" time="7.583"/>
  <testcase name="scenario" classname="runner.TestRunner" time="7.45"/>
  <testcase name="scenario" classname="runner.TestRunner" time="12.786"/>
  <testcase name="scenario" classname="runner.TestRunner" time="12.394"/>
  <testcase name="scenario" classname="runner.TestRunner" time="12.789"/>
  <testcase name="scenario" classname="runner.TestRunner" time="13.231"/>
  <testcase name="scenario" classname="runner.TestRunner" time="13.606"/>
  <testcase name="scenario" classname="runner.TestRunner" time="13.648"/>
  <testcase name="scenario" classname="runner.TestRunner" time="13.295"/>
  <testcase name="scenario" classname="runner.TestRunner" time="12.654"/>
  <testcase name="scenario" classname="runner.TestRunner" time="12.354"/>
  <testcase name="scenario" classname="runner.TestRunner" time="11.949"/>
  <testcase name="scenario" classname="runner.TestRunner" time="12.894"/>
  <testcase name="scenario" classname="runner.TestRunner" time="12.945"/>
  <testcase name="scenario" classname="runner.TestRunner" time="12.2"/>
  <testcase name="scenario" classname="runner.TestRunner" time="11.904"/>
  <testcase name="scenario" classname="runner.TestRunner" time="7.637"/>
  <testcase name="scenario" classname="runner.TestRunner" time="7.81"/>
  <testcase name="scenario" classname="runner.TestRunner" time="7.736"/>
  <testcase name="scenario" classname="runner.TestRunner" time="8.078"/>
  <testcase name="scenario" classname="runner.TestRunner" time="13.714"/>
  <testcase name="scenario" classname="runner.TestRunner" time="13.538"/>
  <testcase name="scenario" classname="runner.TestRunner" time="13.383"/>
  <testcase name="scenario" classname="runner.TestRunner" time="12.693"/>
  <testcase name="scenario" classname="runner.TestRunner" time="14.087"/>
  <testcase name="scenario" classname="runner.TestRunner" time="14.336"/>
  <testcase name="scenario" classname="runner.TestRunner" time="14.23"/>
  <testcase name="scenario" classname="runner.TestRunner" time="14.652"/>
  <testcase name="scenario" classname="runner.TestRunner" time="12.287"/>
  <testcase name="scenario" classname="runner.TestRunner" time="12.391"/>
  <testcase name="scenario" classname="runner.TestRunner" time="13.592"/>
  <testcase name="scenario" classname="runner.TestRunner" time="12.855"/>
  <testcase name="scenario" classname="runner.TestRunner" time="6.061"/>
  <testcase name="scenario" classname="runner.TestRunner" time="5.948"/>
  <testcase name="scenario" classname="runner.TestRunner" time="7.217"/>
  <testcase name="scenario" classname="runner.TestRunner" time="7.093"/>
  <testcase name="scenario" classname="runner.TestRunner" time="12.279"/>
  <testcase name="scenario" classname="runner.TestRunner" time="11.991"/>
  <testcase name="scenario" classname="runner.TestRunner" time="12.798"/>
  <testcase name="scenario" classname="runner.TestRunner" time="12.948"/>
  <testcase name="scenario" classname="runner.TestRunner" time="11.968"/>
  <testcase name="scenario" classname="runner.TestRunner" time="11.803"/>
  <testcase name="scenario" classname="runner.TestRunner" time="7.429"/>
  <testcase name="scenario" classname="runner.TestRunner" time="7.542"/>
  <testcase name="scenario" classname="runner.TestRunner" time="12.2"/>
  <testcase name="scenario" classname="runner.TestRunner" time="12.24"/>
  <testcase name="scenario" classname="runner.TestRunner" time="12.797"/>
  <testcase name="scenario" classname="runner.TestRunner" time="12.964"/>
  <testcase name="scenario" classname="runner.TestRunner" time="12.57"/>
  <testcase name="scenario" classname="runner.TestRunner" time="11.821"/>
  <testcase name="scenario" classname="runner.TestRunner" time="6.777"/>
  <testcase name="scenario" classname="runner.TestRunner" time="6.879"/>
  <testcase name="scenario" classname="runner.TestRunner" time="7.052"/>
  <testcase name="scenario" classname="runner.TestRunner" time="7.284"/>
  <testcase name="scenario" classname="runner.TestRunner" time="11.98"/>
  <testcase name="scenario" classname="runner.TestRunner" time="11.907"/>
  <testcase name="scenario" classname="runner.TestRunner" time="11.831"/>
  <testcase name="scenario" classname="runner.TestRunner" time="11.789"/>
  <testcase name="scenario" classname="runner.TestRunner" time="12.57"/>
  <testcase name="scenario" classname="runner.TestRunner" time="12.985"/>
  <testcase name="scenario" classname="runner.TestRunner" time="12.164"/>
  <testcase name="scenario" classname="runner.TestRunner" time="12.228"/>
  <testcase name="scenario" classname="runner.TestRunner" time="11.045"/>
  <testcase name="scenario" classname="runner.TestRunner" time="11.378"/>
  <testcase name="scenario" classname="runner.TestRunner" time="12.238"/>
  <testcase name="scenario" classname="runner.TestRunner" time="12.106"/>
  <testcase name="scenario" classname="runner.TestRunner" time="11.399"/>
  <testcase name="scenario" classname="runner.TestRunner" time="11.639"/>
</testsuite>