<?xml version="1.0" encoding="UTF-8"?>
<!-- Generated by org.testng.reporters.JUnitReportReporter -->
<testsuite skipped="0" hostname="DESKTOP-3CFAGCH" name="runner.TestRunner" tests="236" failures="0" timestamp="2021-10-24T19:58:14 SGT" time="4269.200" errors="0">
  <testcase name="scenario" time="15.603" classname="runner.TestRunner"/>
  <system-out>
    <![CDATA[Based on what you've told us
You get help with NHS costs]]>
  </system-out>
  <testcase name="scenario" time="13.778" classname="runner.TestRunner"/>
  <system-out>
    <![CDATA[Based on what you've told us
You can apply for help with NHS costs]]>
  </system-out>
  <testcase name="scenario" time="9.437" classname="runner.TestRunner"/>
  <system-out>
    <![CDATA[Based on what you've told us
You get help with NHS costs]]>
  </system-out>
  <testcase name="scenario" time="19.931" classname="runner.TestRunner"/>
  <system-out>
    <![CDATA[Based on what you've told us
You get help with NHS costs]]>
  </system-out>
  <testcase name="scenario" time="25.023" classname="runner.TestRunner"/>
  <system-out>
    <![CDATA[Based on what you've told us
You get help with NHS costs]]>
  </system-out>
  <testcase name="scenario" time="22.339" classname="runner.TestRunner"/>
  <system-out>
    <![CDATA[Based on what you've told us
You can apply for help with NHS costs]]>
  </system-out>
  <testcase name="scenario" time="14.779" classname="runner.TestRunner"/>
  <system-out>
    <![CDATA[Based on what you've told us
You get help with NHS costs]]>
  </system-out>
  <testcase name="scenario" time="14.907" classname="runner.TestRunner"/>
  <system-out>
    <![CDATA[Based on what you've told us
You can apply for help with NHS costs]]>
  </system-out>
  <testcase name="scenario" time="15.803" classname="runner.TestRunner"/>
  <system-out>
    <![CDATA[Based on what you've told us
You get help with NHS costs]]>
  </system-out>
  <testcase name="scenario" time="25.958" classname="runner.TestRunner"/>
  <system-out>
    <![CDATA[Based on what you've told us
You get help with NHS costs]]>
  </system-out>
  <testcase name="scenario" time="25.726" classname="runner.TestRunner"/>
  <system-out>
    <![CDATA[Based on what you've told us
You can apply for help with NHS costs]]>
  </system-out>
  <testcase name="scenario" time="14.129" classname="runner.TestRunner"/>
  <system-out>
    <![CDATA[Based on what you've told us
You can apply for help with NHS costs]]>
  </system-out>
  <testcase name="scenario" time="21.808" classname="runner.TestRunner"/>
  <system-out>
    <![CDATA[Based on what you've told us
You get help with NHS costs]]>
  </system-out>
  <testcase name="scenario" time="26.740" classname="runner.TestRunner"/>
  <system-out>
    <![CDATA[Based on what you've told us
You get help with NHS costs]]>
  </system-out>
  <testcase name="scenario" time="26.734" classname="runner.TestRunner"/>
  <system-out>
    <![CDATA[Based on what you've told us
You can apply for help with NHS costs]]>
  </system-out>
  <testcase name="scenario" time="14.358" classname="runner.TestRunner"/>
  <system-out>
    <![CDATA[Based on what you've told us
You can apply for help with NHS costs]]>
  </system-out>
  <testcase name="scenario" time="11.312" classname="runner.TestRunner"/>
  <system-out>
    <![CDATA[Based on what you've told us
You get help with NHS costs]]>
  </system-out>
  <testcase name="scenario" time="14.497" classname="runner.TestRunner"/>
  <system-out>
    <![CDATA[Based on what you've told us
You get help with NHS costs]]>
  </system-out>
  <testcase name="scenario" time="9.467" classname="runner.TestRunner"/>
  <system-out>
    <![CDATA[Based on what you've told us
You get help with NHS costs]]>
  </system-out>
  <testcase name="scenario" time="10.449" classname="runner.TestRunner"/>
  <system-out>
    <![CDATA[Based on what you've told us
You get help with NHS costs]]>
  </system-out>
  <testcase name="scenario" time="10.553" classname="runner.TestRunner"/>
  <system-out>
    <![CDATA[Based on what you've told us
You get help with NHS costs]]>
  </system-out>
  <testcase name="scenario" time="22.089" classname="runner.TestRunner"/>
  <system-out>
    <![CDATA[Based on what you've told us
You can apply for help with NHS costs]]>
  </system-out>
  <testcase name="scenario" time="14.964" classname="runner.TestRunner"/>
  <system-out>
    <![CDATA[Based on what you've told us
You get help with NHS costs]]>
  </system-out>
  <testcase name="scenario" time="10.837" classname="runner.TestRunner"/>
  <system-out>
    <![CDATA[Based on what you've told us
You get help with NHS costs]]>
  </system-out>
  <testcase name="scenario" time="23.251" classname="runner.TestRunner"/>
  <system-out>
    <![CDATA[Based on what you've told us
You get help with NHS costs]]>
  </system-out>
  <testcase name="scenario" time="15.466" classname="runner.TestRunner"/>
  <system-out>
    <![CDATA[Based on what you've told us
You get help with NHS costs]]>
  </system-out>
  <testcase name="scenario" time="14.864" classname="runner.TestRunner"/>
  <system-out>
    <![CDATA[Based on what you've told us
You can apply for help with NHS costs]]>
  </system-out>
  <testcase name="scenario" time="15.363" classname="runner.TestRunner"/>
  <system-out>
    <![CDATA[Based on what you've told us
You get help with NHS costs]]>
  </system-out>
  <testcase name="scenario" time="18.304" classname="runner.TestRunner"/>
  <system-out>
    <![CDATA[Based on what you've told us
You get help with NHS costs]]>
  </system-out>
  <testcase name="scenario" time="10.325" classname="runner.TestRunner"/>
  <system-out>
    <![CDATA[Based on what you've told us
You get help with NHS costs]]>
  </system-out>
  <testcase name="scenario" time="14.339" classname="runner.TestRunner"/>
  <system-out>
    <![CDATA[Based on what you've told us
You can apply for help with NHS costs]]>
  </system-out>
  <testcase name="scenario" time="13.934" classname="runner.TestRunner"/>
  <system-out>
    <![CDATA[Based on what you've told us
You get help with NHS costs]]>
  </system-out>
  <testcase name="scenario" time="22.737" classname="runner.TestRunner"/>
  <system-out>
    <![CDATA[Based on what you've told us
You can apply for help with NHS costs]]>
  </system-out>
  <testcase name="scenario" time="10.296" classname="runner.TestRunner"/>
  <system-out>
    <![CDATA[Based on what you've told us
You get help with NHS costs]]>
  </system-out>
  <testcase name="scenario" time="15.253" classname="runner.TestRunner"/>
  <system-out>
    <![CDATA[Based on what you've told us
You can apply for help with NHS costs]]>
  </system-out>
  <testcase name="scenario" time="21.840" classname="runner.TestRunner"/>
  <system-out>
    <![CDATA[Based on what you've told us
You get help with NHS costs]]>
  </system-out>
  <testcase name="scenario" time="13.391" classname="runner.TestRunner"/>
  <system-out>
    <![CDATA[Based on what you've told us
You get help with NHS costs]]>
  </system-out>
  <testcase name="scenario" time="9.590" classname="runner.TestRunner"/>
  <system-out>
    <![CDATA[Based on what you've told us
You get help with NHS costs]]>
  </system-out>
  <testcase name="scenario" time="10.374" classname="runner.TestRunner"/>
  <system-out>
    <![CDATA[Based on what you've told us
You get help with NHS costs]]>
  </system-out>
  <testcase name="scenario" time="23.016" classname="runner.TestRunner"/>
  <system-out>
    <![CDATA[Based on what you've told us
You get help with NHS costs]]>
  </system-out>
  <testcase name="scenario" time="26.440" classname="runner.TestRunner"/>
  <system-out>
    <![CDATA[Based on what you've told us
You get help with NHS costs]]>
  </system-out>
  <testcase name="scenario" time="13.578" classname="runner.TestRunner"/>
  <system-out>
    <![CDATA[Based on what you've told us
You get help with NHS costs]]>
  </system-out>
  <testcase name="scenario" time="22.268" classname="runner.TestRunner"/>
  <system-out>
    <![CDATA[Based on what you've told us
You get help with NHS costs]]>
  </system-out>
  <testcase name="scenario" time="11.345" classname="runner.TestRunner"/>
  <system-out>
    <![CDATA[Based on what you've told us
You get help with NHS costs]]>
  </system-out>
  <testcase name="scenario" time="11.521" classname="runner.TestRunner"/>
  <system-out>
    <![CDATA[Based on what you've told us
You get help with NHS costs]]>
  </system-out>
  <testcase name="scenario" time="14.420" classname="runner.TestRunner"/>
  <system-out>
    <![CDATA[Based on what you've told us
You can apply for help with NHS costs]]>
  </system-out>
  <testcase name="scenario" time="10.083" classname="runner.TestRunner"/>
  <system-out>
    <![CDATA[Based on what you've told us
You get help with NHS costs]]>
  </system-out>
  <testcase name="scenario" time="23.859" classname="runner.TestRunner"/>
  <system-out>
    <![CDATA[Based on what you've told us
You get help with NHS costs]]>
  </system-out>
  <testcase name="scenario" time="14.627" classname="runner.TestRunner"/>
  <system-out>
    <![CDATA[Based on what you've told us
You can apply for help with NHS costs]]>
  </system-out>
  <testcase name="scenario" time="14.618" classname="runner.TestRunner"/>
  <system-out>
    <![CDATA[Based on what you've told us
You get help with NHS costs]]>
  </system-out>
  <testcase name="scenario" time="18.651" classname="runner.TestRunner"/>
  <system-out>
    <![CDATA[Based on what you've told us
You get help with NHS costs]]>
  </system-out>
  <testcase name="scenario" time="17.948" classname="runner.TestRunner"/>
  <system-out>
    <![CDATA[Based on what you've told us
You get help with NHS costs]]>
  </system-out>
  <testcase name="scenario" time="22.854" classname="runner.TestRunner"/>
  <system-out>
    <![CDATA[Based on what you've told us
You can apply for help with NHS costs]]>
  </system-out>
  <testcase name="scenario" time="9.776" classname="runner.TestRunner"/>
  <system-out>
    <![CDATA[Based on what you've told us
You get help with NHS costs]]>
  </system-out>
  <testcase name="scenario" time="11.183" classname="runner.TestRunner"/>
  <system-out>
    <![CDATA[Based on what you've told us
You get help with NHS costs]]>
  </system-out>
  <testcase name="scenario" time="27.271" classname="runner.TestRunner"/>
  <system-out>
    <![CDATA[Based on what you've told us
You can apply for help with NHS costs]]>
  </system-out>
  <testcase name="scenario" time="25.303" classname="runner.TestRunner"/>
  <system-out>
    <![CDATA[Based on what you've told us
You get help with NHS costs]]>
  </system-out>
  <testcase name="scenario" time="10.532" classname="runner.TestRunner"/>
  <system-out>
    <![CDATA[Based on what you've told us
You get help with NHS costs]]>
  </system-out>
  <testcase name="scenario" time="22.066" classname="runner.TestRunner"/>
  <system-out>
    <![CDATA[Based on what you've told us
You can apply for help with NHS costs]]>
  </system-out>
  <testcase name="scenario" time="24.525" classname="runner.TestRunner"/>
  <system-out>
    <![CDATA[Based on what you've told us
You get help with NHS costs]]>
  </system-out>
  <testcase name="scenario" time="10.583" classname="runner.TestRunner"/>
  <system-out>
    <![CDATA[Based on what you've told us
You get help with NHS costs]]>
  </system-out>
  <testcase name="scenario" time="15.149" classname="runner.TestRunner"/>
  <system-out>
    <![CDATA[Based on what you've told us
You get help with NHS costs]]>
  </system-out>
  <testcase name="scenario" time="19.580" classname="runner.TestRunner"/>
  <system-out>
    <![CDATA[Based on what you've told us
You get help with NHS costs]]>
  </system-out>
  <testcase name="scenario" time="22.602" classname="runner.TestRunner"/>
  <system-out>
    <![CDATA[Based on what you've told us
You get help with NHS costs]]>
  </system-out>
  <testcase name="scenario" time="11.199" classname="runner.TestRunner"/>
  <system-out>
    <![CDATA[Based on what you've told us
You get help with NHS costs]]>
  </system-out>
  <testcase name="scenario" time="14.280" classname="runner.TestRunner"/>
  <system-out>
    <![CDATA[Based on what you've told us
You get help with NHS costs]]>
  </system-out>
  <testcase name="scenario" time="16.771" classname="runner.TestRunner"/>
  <system-out>
    <![CDATA[Based on what you've told us
You get help with NHS costs]]>
  </system-out>
  <testcase name="scenario" time="14.603" classname="runner.TestRunner"/>
  <system-out>
    <![CDATA[Based on what you've told us
You get help with NHS costs]]>
  </system-out>
  <testcase name="scenario" time="14.165" classname="runner.TestRunner"/>
  <system-out>
    <![CDATA[Based on what you've told us
You get help with NHS costs]]>
  </system-out>
  <testcase name="scenario" time="18.130" classname="runner.TestRunner"/>
  <system-out>
    <![CDATA[Based on what you've told us
You get help with NHS costs]]>
  </system-out>
  <testcase name="scenario" time="23.295" classname="runner.TestRunner"/>
  <system-out>
    <![CDATA[Based on what you've told us
You get help with NHS costs]]>
  </system-out>
  <testcase name="scenario" time="25.408" classname="runner.TestRunner"/>
  <system-out>
    <![CDATA[Based on what you've told us
You can apply for help with NHS costs]]>
  </system-out>
  <testcase name="scenario" time="22.926" classname="runner.TestRunner"/>
  <system-out>
    <![CDATA[Based on what you've told us
You can apply for help with NHS costs]]>
  </system-out>
  <testcase name="scenario" time="13.988" classname="runner.TestRunner"/>
  <system-out>
    <![CDATA[Based on what you've told us
You get help with NHS costs]]>
  </system-out>
  <testcase name="scenario" time="25.085" classname="runner.TestRunner"/>
  <system-out>
    <![CDATA[Based on what you've told us
You get help with NHS costs]]>
  </system-out>
  <testcase name="scenario" time="17.399" classname="runner.TestRunner"/>
  <system-out>
    <![CDATA[Based on what you've told us
You get help with NHS costs]]>
  </system-out>
  <testcase name="scenario" time="23.856" classname="runner.TestRunner"/>
  <system-out>
    <![CDATA[Based on what you've told us
You can apply for help with NHS costs]]>
  </system-out>
  <testcase name="scenario" time="23.301" classname="runner.TestRunner"/>
  <system-out>
    <![CDATA[Based on what you've told us
You get help with NHS costs]]>
  </system-out>
  <testcase name="scenario" time="24.070" classname="runner.TestRunner"/>
  <system-out>
    <![CDATA[Based on what you've told us
You can apply for help with NHS costs]]>
  </system-out>
  <testcase name="scenario" time="16.234" classname="runner.TestRunner"/>
  <system-out>
    <![CDATA[Based on what you've told us
You get help with NHS costs]]>
  </system-out>
  <testcase name="scenario" time="23.203" classname="runner.TestRunner"/>
  <system-out>
    <![CDATA[Based on what you've told us
You get help with NHS costs]]>
  </system-out>
  <testcase name="scenario" time="25.102" classname="runner.TestRunner"/>
  <system-out>
    <![CDATA[Based on what you've told us
You get help with NHS costs]]>
  </system-out>
  <testcase name="scenario" time="17.772" classname="runner.TestRunner"/>
  <system-out>
    <![CDATA[Based on what you've told us
You get help with NHS costs]]>
  </system-out>
  <testcase name="scenario" time="16.404" classname="runner.TestRunner"/>
  <system-out>
    <![CDATA[Based on what you've told us
You get help with NHS costs]]>
  </system-out>
  <testcase name="scenario" time="16.884" classname="runner.TestRunner"/>
  <system-out>
    <![CDATA[Based on what you've told us
You get help with NHS costs]]>
  </system-out>
  <testcase name="scenario" time="14.148" classname="runner.TestRunner"/>
  <system-out>
    <![CDATA[Based on what you've told us
You can apply for help with NHS costs]]>
  </system-out>
  <testcase name="scenario" time="26.028" classname="runner.TestRunner"/>
  <system-out>
    <![CDATA[Based on what you've told us
You can apply for help with NHS costs]]>
  </system-out>
  <testcase name="scenario" time="15.480" classname="runner.TestRunner"/>
  <system-out>
    <![CDATA[Based on what you've told us
You get help with NHS costs]]>
  </system-out>
  <testcase name="scenario" time="26.119" classname="runner.TestRunner"/>
  <system-out>
    <![CDATA[Based on what you've told us
You get help with NHS costs]]>
  </system-out>
  <testcase name="scenario" time="23.287" classname="runner.TestRunner"/>
  <system-out>
    <![CDATA[Based on what you've told us
You can apply for help with NHS costs]]>
  </system-out>
  <testcase name="scenario" time="20.972" classname="runner.TestRunner"/>
  <system-out>
    <![CDATA[Based on what you've told us
You can apply for help with NHS costs]]>
  </system-out>
  <testcase name="scenario" time="22.886" classname="runner.TestRunner"/>
  <system-out>
    <![CDATA[Based on what you've told us
You get help with NHS costs]]>
  </system-out>
  <testcase name="scenario" time="23.828" classname="runner.TestRunner"/>
  <system-out>
    <![CDATA[Based on what you've told us
You can apply for help with NHS costs]]>
  </system-out>
  <testcase name="scenario" time="12.208" classname="runner.TestRunner"/>
  <system-out>
    <![CDATA[Based on what you've told us
You get help with NHS costs]]>
  </system-out>
  <testcase name="scenario" time="26.816" classname="runner.TestRunner"/>
  <system-out>
    <![CDATA[Based on what you've told us
You can apply for help with NHS costs]]>
  </system-out>
  <testcase name="scenario" time="15.811" classname="runner.TestRunner"/>
  <system-out>
    <![CDATA[Based on what you've told us
You get help with NHS costs]]>
  </system-out>
  <testcase name="scenario" time="10.211" classname="runner.TestRunner"/>
  <system-out>
    <![CDATA[Based on what you've told us
You get help with NHS costs]]>
  </system-out>
  <testcase name="scenario" time="13.288" classname="runner.TestRunner"/>
  <system-out>
    <![CDATA[Based on what you've told us
You get help with NHS costs]]>
  </system-out>
  <testcase name="scenario" time="25.827" classname="runner.TestRunner"/>
  <system-out>
    <![CDATA[Based on what you've told us
You get help with NHS costs]]>
  </system-out>
  <testcase name="scenario" time="10.733" classname="runner.TestRunner"/>
  <system-out>
    <![CDATA[Based on what you've told us
You get help with NHS costs]]>
  </system-out>
  <testcase name="scenario" time="23.923" classname="runner.TestRunner"/>
  <system-out>
    <![CDATA[Based on what you've told us
You can apply for help with NHS costs]]>
  </system-out>
  <testcase name="scenario" time="10.660" classname="runner.TestRunner"/>
  <system-out>
    <![CDATA[Based on what you've told us
You get help with NHS costs]]>
  </system-out>
  <testcase name="scenario" time="14.004" classname="runner.TestRunner"/>
  <system-out>
    <![CDATA[Based on what you've told us
You can apply for help with NHS costs]]>
  </system-out>
  <testcase name="scenario" time="14.757" classname="runner.TestRunner"/>
  <system-out>
    <![CDATA[Based on what you've told us
You get help with NHS costs]]>
  </system-out>
  <testcase name="scenario" time="26.943" classname="runner.TestRunner"/>
  <system-out>
    <![CDATA[Based on what you've told us
You get help with NHS costs]]>
  </system-out>
  <testcase name="scenario" time="14.304" classname="runner.TestRunner"/>
  <system-out>
    <![CDATA[Based on what you've told us
You can apply for help with NHS costs]]>
  </system-out>
  <testcase name="scenario" time="15.840" classname="runner.TestRunner"/>
  <system-out>
    <![CDATA[Based on what you've told us
You get help with NHS costs]]>
  </system-out>
  <testcase name="scenario" time="17.693" classname="runner.TestRunner"/>
  <system-out>
    <![CDATA[Based on what you've told us
You get help with NHS costs]]>
  </system-out>
  <testcase name="scenario" time="19.724" classname="runner.TestRunner"/>
  <system-out>
    <![CDATA[Based on what you've told us
You get help with NHS costs]]>
  </system-out>
  <testcase name="scenario" time="10.528" classname="runner.TestRunner"/>
  <system-out>
    <![CDATA[Based on what you've told us
You get help with NHS costs]]>
  </system-out>
  <testcase name="scenario" time="15.605" classname="runner.TestRunner"/>
  <system-out>
    <![CDATA[Based on what you've told us
You can apply for help with NHS costs]]>
  </system-out>
  <testcase name="scenario" time="17.462" classname="runner.TestRunner"/>
  <system-out>
    <![CDATA[Based on what you've told us
You get help with NHS costs]]>
  </system-out>
  <testcase name="scenario" time="24.162" classname="runner.TestRunner"/>
  <system-out>
    <![CDATA[Based on what you've told us
You get help with NHS costs]]>
  </system-out>
  <testcase name="scenario" time="14.593" classname="runner.TestRunner"/>
  <system-out>
    <![CDATA[Based on what you've told us
You get help with NHS costs]]>
  </system-out>
  <testcase name="scenario" time="19.498" classname="runner.TestRunner"/>
  <system-out>
    <![CDATA[Based on what you've told us
You get help with NHS costs]]>
  </system-out>
  <testcase name="scenario" time="23.554" classname="runner.TestRunner"/>
  <system-out>
    <![CDATA[Based on what you've told us
You get help with NHS costs]]>
  </system-out>
  <testcase name="scenario" time="14.020" classname="runner.TestRunner"/>
  <system-out>
    <![CDATA[Based on what you've told us
You can apply for help with NHS costs]]>
  </system-out>
  <testcase name="scenario" time="18.563" classname="runner.TestRunner"/>
  <system-out>
    <![CDATA[Based on what you've told us
You get help with NHS costs]]>
  </system-out>
  <testcase name="scenario" time="13.145" classname="runner.TestRunner"/>
  <system-out>
    <![CDATA[Based on what you've told us
You get help with NHS costs]]>
  </system-out>
  <testcase name="scenario" time="19.321" classname="runner.TestRunner"/>
  <system-out>
    <![CDATA[Based on what you've told us
You get help with NHS costs]]>
  </system-out>
  <testcase name="scenario" time="14.403" classname="runner.TestRunner"/>
  <system-out>
    <![CDATA[Based on what you've told us
You can apply for help with NHS costs]]>
  </system-out>
  <testcase name="scenario" time="22.378" classname="runner.TestRunner"/>
  <system-out>
    <![CDATA[Based on what you've told us
You can apply for help with NHS costs]]>
  </system-out>
  <testcase name="scenario" time="24.175" classname="runner.TestRunner"/>
  <system-out>
    <![CDATA[Based on what you've told us
You can apply for help with NHS costs]]>
  </system-out>
  <testcase name="scenario" time="15.773" classname="runner.TestRunner"/>
  <system-out>
    <![CDATA[Based on what you've told us
You get help with NHS costs]]>
  </system-out>
  <testcase name="scenario" time="23.484" classname="runner.TestRunner"/>
  <system-out>
    <![CDATA[Based on what you've told us
You can apply for help with NHS costs]]>
  </system-out>
  <testcase name="scenario" time="14.662" classname="runner.TestRunner"/>
  <system-out>
    <![CDATA[Based on what you've told us
You can apply for help with NHS costs]]>
  </system-out>
  <testcase name="scenario" time="21.679" classname="runner.TestRunner"/>
  <system-out>
    <![CDATA[Based on what you've told us
You can apply for help with NHS costs]]>
  </system-out>
  <testcase name="scenario" time="13.840" classname="runner.TestRunner"/>
  <system-out>
    <![CDATA[Based on what you've told us
You can apply for help with NHS costs]]>
  </system-out>
  <testcase name="scenario" time="23.112" classname="runner.TestRunner"/>
  <system-out>
    <![CDATA[Based on what you've told us
You get help with NHS costs]]>
  </system-out>
  <testcase name="scenario" time="22.007" classname="runner.TestRunner"/>
  <system-out>
    <![CDATA[Based on what you've told us
You get help with NHS costs]]>
  </system-out>
  <testcase name="scenario" time="14.476" classname="runner.TestRunner"/>
  <system-out>
    <![CDATA[Based on what you've told us
You can apply for help with NHS costs]]>
  </system-out>
  <testcase name="scenario" time="14.265" classname="runner.TestRunner"/>
  <system-out>
    <![CDATA[Based on what you've told us
You get help with NHS costs]]>
  </system-out>
  <testcase name="scenario" time="22.141" classname="runner.TestRunner"/>
  <system-out>
    <![CDATA[Based on what you've told us
You can apply for help with NHS costs]]>
  </system-out>
  <testcase name="scenario" time="24.829" classname="runner.TestRunner"/>
  <system-out>
    <![CDATA[Based on what you've told us
You can apply for help with NHS costs]]>
  </system-out>
  <testcase name="scenario" time="15.220" classname="runner.TestRunner"/>
  <system-out>
    <![CDATA[Based on what you've told us
You get help with NHS costs]]>
  </system-out>
  <testcase name="scenario" time="14.190" classname="runner.TestRunner"/>
  <system-out>
    <![CDATA[Based on what you've told us
You get help with NHS costs]]>
  </system-out>
  <testcase name="scenario" time="15.166" classname="runner.TestRunner"/>
  <system-out>
    <![CDATA[Based on what you've told us
You get help with NHS costs]]>
  </system-out>
  <testcase name="scenario" time="26.896" classname="runner.TestRunner"/>
  <system-out>
    <![CDATA[Based on what you've told us
You can apply for help with NHS costs]]>
  </system-out>
  <testcase name="scenario" time="24.138" classname="runner.TestRunner"/>
  <system-out>
    <![CDATA[Based on what you've told us
You get help with NHS costs]]>
  </system-out>
  <testcase name="scenario" time="15.109" classname="runner.TestRunner"/>
  <system-out>
    <![CDATA[Based on what you've told us
You can apply for help with NHS costs]]>
  </system-out>
  <testcase name="scenario" time="24.504" classname="runner.TestRunner"/>
  <system-out>
    <![CDATA[Based on what you've told us
You can apply for help with NHS costs]]>
  </system-out>
  <testcase name="scenario" time="15.627" classname="runner.TestRunner"/>
  <system-out>
    <![CDATA[Based on what you've told us
You get help with NHS costs]]>
  </system-out>
  <testcase name="scenario" time="15.052" classname="runner.TestRunner"/>
  <system-out>
    <![CDATA[Based on what you've told us
You get help with NHS costs]]>
  </system-out>
  <testcase name="scenario" time="11.598" classname="runner.TestRunner"/>
  <system-out>
    <![CDATA[Based on what you've told us
You get help with NHS costs]]>
  </system-out>
  <testcase name="scenario" time="13.971" classname="runner.TestRunner"/>
  <system-out>
    <![CDATA[Based on what you've told us
You can apply for help with NHS costs]]>
  </system-out>
  <testcase name="scenario" time="10.580" classname="runner.TestRunner"/>
  <system-out>
    <![CDATA[Based on what you've told us
You get help with NHS costs]]>
  </system-out>
  <testcase name="scenario" time="19.960" classname="runner.TestRunner"/>
  <system-out>
    <![CDATA[Based on what you've told us
You get help with NHS costs]]>
  </system-out>
  <testcase name="scenario" time="18.480" classname="runner.TestRunner"/>
  <system-out>
    <![CDATA[Based on what you've told us
You get help with NHS costs]]>
  </system-out>
  <testcase name="scenario" time="24.608" classname="runner.TestRunner"/>
  <system-out>
    <![CDATA[Based on what you've told us
You get help with NHS costs]]>
  </system-out>
  <testcase name="scenario" time="15.962" classname="runner.TestRunner"/>
  <system-out>
    <![CDATA[Based on what you've told us
You get help with NHS costs]]>
  </system-out>
  <testcase name="scenario" time="24.546" classname="runner.TestRunner"/>
  <system-out>
    <![CDATA[Based on what you've told us
You get help with NHS costs]]>
  </system-out>
  <testcase name="scenario" time="15.314" classname="runner.TestRunner"/>
  <system-out>
    <![CDATA[Based on what you've told us
You get help with NHS costs]]>
  </system-out>
  <testcase name="scenario" time="14.519" classname="runner.TestRunner"/>
  <system-out>
    <![CDATA[Based on what you've told us
You can apply for help with NHS costs]]>
  </system-out>
  <testcase name="scenario" time="13.447" classname="runner.TestRunner"/>
  <system-out>
    <![CDATA[Based on what you've told us
You can apply for help with NHS costs]]>
  </system-out>
  <testcase name="scenario" time="23.602" classname="runner.TestRunner"/>
  <system-out>
    <![CDATA[Based on what you've told us
You get help with NHS costs]]>
  </system-out>
  <testcase name="scenario" time="23.388" classname="runner.TestRunner"/>
  <system-out>
    <![CDATA[Based on what you've told us
You get help with NHS costs]]>
  </system-out>
  <testcase name="scenario" time="14.954" classname="runner.TestRunner"/>
  <system-out>
    <![CDATA[Based on what you've told us
You get help with NHS costs]]>
  </system-out>
  <testcase name="scenario" time="15.000" classname="runner.TestRunner"/>
  <system-out>
    <![CDATA[Based on what you've told us
You get help with NHS costs]]>
  </system-out>
  <testcase name="scenario" time="23.082" classname="runner.TestRunner"/>
  <system-out>
    <![CDATA[Based on what you've told us
You get help with NHS costs]]>
  </system-out>
  <testcase name="scenario" time="14.514" classname="runner.TestRunner"/>
  <system-out>
    <![CDATA[Based on what you've told us
You can apply for help with NHS costs]]>
  </system-out>
  <testcase name="scenario" time="14.443" classname="runner.TestRunner"/>
  <system-out>
    <![CDATA[Based on what you've told us
You can apply for help with NHS costs]]>
  </system-out>
  <testcase name="scenario" time="14.583" classname="runner.TestRunner"/>
  <system-out>
    <![CDATA[Based on what you've told us
You can apply for help with NHS costs]]>
  </system-out>
  <testcase name="scenario" time="22.946" classname="runner.TestRunner"/>
  <system-out>
    <![CDATA[Based on what you've told us
You get help with NHS costs]]>
  </system-out>
  <testcase name="scenario" time="13.575" classname="runner.TestRunner"/>
  <system-out>
    <![CDATA[Based on what you've told us
You can apply for help with NHS costs]]>
  </system-out>
  <testcase name="scenario" time="15.266" classname="runner.TestRunner"/>
  <system-out>
    <![CDATA[Based on what you've told us
You can apply for help with NHS costs]]>
  </system-out>
  <testcase name="scenario" time="24.000" classname="runner.TestRunner"/>
  <system-out>
    <![CDATA[Based on what you've told us
You can apply for help with NHS costs]]>
  </system-out>
  <testcase name="scenario" time="14.233" classname="runner.TestRunner"/>
  <system-out>
    <![CDATA[Based on what you've told us
You get help with NHS costs]]>
  </system-out>
  <testcase name="scenario" time="25.996" classname="runner.TestRunner"/>
  <system-out>
    <![CDATA[Based on what you've told us
You get help with NHS costs]]>
  </system-out>
  <testcase name="scenario" time="15.474" classname="runner.TestRunner"/>
  <system-out>
    <![CDATA[Based on what you've told us
You get help with NHS costs]]>
  </system-out>
  <testcase name="scenario" time="23.801" classname="runner.TestRunner"/>
  <system-out>
    <![CDATA[Based on what you've told us
You get help with NHS costs]]>
  </system-out>
  <testcase name="scenario" time="22.404" classname="runner.TestRunner"/>
  <system-out>
    <![CDATA[Based on what you've told us
You get help with NHS costs]]>
  </system-out>
  <testcase name="scenario" time="23.853" classname="runner.TestRunner"/>
  <system-out>
    <![CDATA[Based on what you've told us
You can apply for help with NHS costs]]>
  </system-out>
  <testcase name="scenario" time="24.154" classname="runner.TestRunner"/>
  <system-out>
    <![CDATA[Based on what you've told us
You can apply for help with NHS costs]]>
  </system-out>
  <testcase name="scenario" time="15.749" classname="runner.TestRunner"/>
  <system-out>
    <![CDATA[Based on what you've told us
You get help with NHS costs]]>
  </system-out>
  <testcase name="scenario" time="14.944" classname="runner.TestRunner"/>
  <system-out>
    <![CDATA[Based on what you've told us
You can apply for help with NHS costs]]>
  </system-out>
  <testcase name="scenario" time="14.132" classname="runner.TestRunner"/>
  <system-out>
    <![CDATA[Based on what you've told us
You get help with NHS costs]]>
  </system-out>
  <testcase name="scenario" time="14.951" classname="runner.TestRunner"/>
  <system-out>
    <![CDATA[Based on what you've told us
You can apply for help with NHS costs]]>
  </system-out>
  <testcase name="scenario" time="11.351" classname="runner.TestRunner"/>
  <system-out>
    <![CDATA[Based on what you've told us
You get help with NHS costs]]>
  </system-out>
  <testcase name="scenario" time="27.375" classname="runner.TestRunner"/>
  <system-out>
    <![CDATA[Based on what you've told us
You get help with NHS costs]]>
  </system-out>
  <testcase name="scenario" time="23.250" classname="runner.TestRunner"/>
  <system-out>
    <![CDATA[Based on what you've told us
You get help with NHS costs]]>
  </system-out>
  <testcase name="scenario" time="18.610" classname="runner.TestRunner"/>
  <system-out>
    <![CDATA[Based on what you've told us
You get help with NHS costs]]>
  </system-out>
  <testcase name="scenario" time="23.366" classname="runner.TestRunner"/>
  <system-out>
    <![CDATA[Based on what you've told us
You can apply for help with NHS costs]]>
  </system-out>
  <testcase name="scenario" time="22.593" classname="runner.TestRunner"/>
  <system-out>
    <![CDATA[Based on what you've told us
You get help with NHS costs]]>
  </system-out>
  <testcase name="scenario" time="17.528" classname="runner.TestRunner"/>
  <system-out>
    <![CDATA[Based on what you've told us
You get help with NHS costs]]>
  </system-out>
  <testcase name="scenario" time="13.772" classname="runner.TestRunner"/>
  <system-out>
    <![CDATA[Based on what you've told us
You can apply for help with NHS costs]]>
  </system-out>
  <testcase name="scenario" time="14.669" classname="runner.TestRunner"/>
  <system-out>
    <![CDATA[Based on what you've told us
You get help with NHS costs]]>
  </system-out>
  <testcase name="scenario" time="10.730" classname="runner.TestRunner"/>
  <system-out>
    <![CDATA[Based on what you've told us
You get help with NHS costs]]>
  </system-out>
  <testcase name="scenario" time="23.293" classname="runner.TestRunner"/>
  <system-out>
    <![CDATA[Based on what you've told us
You can apply for help with NHS costs]]>
  </system-out>
  <testcase name="scenario" time="23.508" classname="runner.TestRunner"/>
  <system-out>
    <![CDATA[Based on what you've told us
You get help with NHS costs]]>
  </system-out>
  <testcase name="scenario" time="10.472" classname="runner.TestRunner"/>
  <system-out>
    <![CDATA[Based on what you've told us
You get help with NHS costs]]>
  </system-out>
  <testcase name="scenario" time="14.385" classname="runner.TestRunner"/>
  <system-out>
    <![CDATA[Based on what you've told us
You can apply for help with NHS costs]]>
  </system-out>
  <testcase name="scenario" time="22.218" classname="runner.TestRunner"/>
  <system-out>
    <![CDATA[Based on what you've told us
You get help with NHS costs]]>
  </system-out>
  <testcase name="scenario" time="18.035" classname="runner.TestRunner"/>
  <system-out>
    <![CDATA[Based on what you've told us
You get help with NHS costs]]>
  </system-out>
  <testcase name="scenario" time="26.167" classname="runner.TestRunner"/>
  <system-out>
    <![CDATA[Based on what you've told us
You get help with NHS costs]]>
  </system-out>
  <testcase name="scenario" time="19.110" classname="runner.TestRunner"/>
  <system-out>
    <![CDATA[Based on what you've told us
You get help with NHS costs]]>
  </system-out>
  <testcase name="scenario" time="15.397" classname="runner.TestRunner"/>
  <system-out>
    <![CDATA[Based on what you've told us
You get help with NHS costs]]>
  </system-out>
  <testcase name="scenario" time="18.034" classname="runner.TestRunner"/>
  <system-out>
    <![CDATA[Based on what you've told us
You get help with NHS costs]]>
  </system-out>
  <testcase name="scenario" time="18.354" classname="runner.TestRunner"/>
  <system-out>
    <![CDATA[Based on what you've told us
You get help with NHS costs]]>
  </system-out>
  <testcase name="scenario" time="14.124" classname="runner.TestRunner"/>
  <system-out>
    <![CDATA[Based on what you've told us
You get help with NHS costs]]>
  </system-out>
  <testcase name="scenario" time="25.350" classname="runner.TestRunner"/>
  <system-out>
    <![CDATA[Based on what you've told us
You get help with NHS costs]]>
  </system-out>
  <testcase name="scenario" time="19.502" classname="runner.TestRunner"/>
  <system-out>
    <![CDATA[Based on what you've told us
You get help with NHS costs]]>
  </system-out>
  <testcase name="scenario" time="14.585" classname="runner.TestRunner"/>
  <system-out>
    <![CDATA[Based on what you've told us
You can apply for help with NHS costs]]>
  </system-out>
  <testcase name="scenario" time="14.931" classname="runner.TestRunner"/>
  <system-out>
    <![CDATA[Based on what you've told us
You get help with NHS costs]]>
  </system-out>
  <testcase name="scenario" time="22.002" classname="runner.TestRunner"/>
  <system-out>
    <![CDATA[Based on what you've told us
You get help with NHS costs]]>
  </system-out>
  <testcase name="scenario" time="15.724" classname="runner.TestRunner"/>
  <system-out>
    <![CDATA[Based on what you've told us
You get help with NHS costs]]>
  </system-out>
  <testcase name="scenario" time="11.725" classname="runner.TestRunner"/>
  <system-out>
    <![CDATA[Based on what you've told us
You get help with NHS costs]]>
  </system-out>
  <testcase name="scenario" time="24.813" classname="runner.TestRunner"/>
  <system-out>
    <![CDATA[Based on what you've told us
You get help with NHS costs]]>
  </system-out>
  <testcase name="scenario" time="24.663" classname="runner.TestRunner"/>
  <system-out>
    <![CDATA[Based on what you've told us
You get help with NHS costs]]>
  </system-out>
  <testcase name="scenario" time="10.153" classname="runner.TestRunner"/>
  <system-out>
    <![CDATA[Based on what you've told us
You get help with NHS costs]]>
  </system-out>
  <testcase name="scenario" time="27.540" classname="runner.TestRunner"/>
  <system-out>
    <![CDATA[Based on what you've told us
You get help with NHS costs]]>
  </system-out>
  <testcase name="scenario" time="16.160" classname="runner.TestRunner"/>
  <system-out>
    <![CDATA[Based on what you've told us
You get help with NHS costs]]>
  </system-out>
  <testcase name="scenario" time="9.531" classname="runner.TestRunner"/>
  <system-out>
    <![CDATA[Based on what you've told us
You get help with NHS costs]]>
  </system-out>
  <testcase name="scenario" time="23.376" classname="runner.TestRunner"/>
  <system-out>
    <![CDATA[Based on what you've told us
You get help with NHS costs]]>
  </system-out>
  <testcase name="scenario" time="17.236" classname="runner.TestRunner"/>
  <system-out>
    <![CDATA[Based on what you've told us
You get help with NHS costs]]>
  </system-out>
  <testcase name="scenario" time="18.634" classname="runner.TestRunner"/>
  <system-out>
    <![CDATA[Based on what you've told us
You get help with NHS costs]]>
  </system-out>
  <testcase name="scenario" time="22.472" classname="runner.TestRunner"/>
  <system-out>
    <![CDATA[Based on what you've told us
You get help with NHS costs]]>
  </system-out>
  <testcase name="scenario" time="10.039" classname="runner.TestRunner"/>
  <system-out>
    <![CDATA[Based on what you've told us
You get help with NHS costs]]>
  </system-out>
  <testcase name="scenario" time="19.429" classname="runner.TestRunner"/>
  <system-out>
    <![CDATA[Based on what you've told us
You get help with NHS costs]]>
  </system-out>
  <testcase name="scenario" time="15.737" classname="runner.TestRunner"/>
  <system-out>
    <![CDATA[Based on what you've told us
You can apply for help with NHS costs]]>
  </system-out>
  <testcase name="scenario" time="10.199" classname="runner.TestRunner"/>
  <system-out>
    <![CDATA[Based on what you've told us
You get help with NHS costs]]>
  </system-out>
  <testcase name="scenario" time="24.352" classname="runner.TestRunner"/>
  <system-out>
    <![CDATA[Based on what you've told us
You can apply for help with NHS costs]]>
  </system-out>
  <testcase name="scenario" time="25.460" classname="runner.TestRunner"/>
  <system-out>
    <![CDATA[Based on what you've told us
You can apply for help with NHS costs]]>
  </system-out>
  <testcase name="scenario" time="18.525" classname="runner.TestRunner"/>
  <system-out>
    <![CDATA[Based on what you've told us
You get help with NHS costs]]>
  </system-out>
  <testcase name="scenario" time="15.581" classname="runner.TestRunner"/>
  <system-out>
    <![CDATA[Based on what you've told us
You can apply for help with NHS costs]]>
  </system-out>
  <testcase name="scenario" time="27.593" classname="runner.TestRunner"/>
  <system-out>
    <![CDATA[Based on what you've told us
You get help with NHS costs]]>
  </system-out>
  <testcase name="scenario" time="13.642" classname="runner.TestRunner"/>
  <system-out>
    <![CDATA[Based on what you've told us
You can apply for help with NHS costs]]>
  </system-out>
  <testcase name="scenario" time="25.241" classname="runner.TestRunner"/>
  <system-out>
    <![CDATA[Based on what you've told us
You can apply for help with NHS costs]]>
  </system-out>
  <testcase name="scenario" time="14.190" classname="runner.TestRunner"/>
  <system-out>
    <![CDATA[Based on what you've told us
You can apply for help with NHS costs]]>
  </system-out>
  <testcase name="scenario" time="19.282" classname="runner.TestRunner"/>
  <system-out>
    <![CDATA[Based on what you've told us
You get help with NHS costs]]>
  </system-out>
  <testcase name="scenario" time="14.023" classname="runner.TestRunner"/>
  <system-out>
    <![CDATA[Based on what you've told us
You get help with NHS costs]]>
  </system-out>
  <testcase name="scenario" time="13.396" classname="runner.TestRunner"/>
  <system-out>
    <![CDATA[Based on what you've told us
You get help with NHS costs]]>
  </system-out>
  <testcase name="scenario" time="23.177" classname="runner.TestRunner"/>
  <system-out>
    <![CDATA[Based on what you've told us
You can apply for help with NHS costs]]>
  </system-out>
  <testcase name="scenario" time="18.257" classname="runner.TestRunner"/>
  <system-out>
    <![CDATA[Based on what you've told us
You get help with NHS costs]]>
  </system-out>
  <testcase name="scenario" time="25.475" classname="runner.TestRunner"/>
  <system-out>
    <![CDATA[Based on what you've told us
You get help with NHS costs]]>
  </system-out>
  <testcase name="scenario" time="14.498" classname="runner.TestRunner"/>
  <system-out>
    <![CDATA[Based on what you've told us
You get help with NHS costs]]>
  </system-out>
  <testcase name="scenario" time="22.849" classname="runner.TestRunner"/>
  <system-out>
    <![CDATA[Based on what you've told us
You can apply for help with NHS costs]]>
  </system-out>
</testsuite> <!-- runner.TestRunner -->
